<?xml version="1.0" encoding="utf-8"?><testsuites name="pytest tests"><testsuite name="pytest" errors="0" failures="1" skipped="0" tests="19" time="1.724" timestamp="2026-07-18T20:59:35.019302+00:00" hostname="agent-env-b6632c43-eb9b-421b-8f97-406a689f8981"><testcase classname="tests.test_iteration9_payables.TestPayablesCRUD" name="test_create_pending" time="0.288" /><testcase classname="tests.test_iteration9_payables.TestFinanceSummaryIntegration" name="test_payable_kpi_reflects_open_amounts" time="0.522" /><testcase classname="tests.test_iteration9_payables.TestPayablesCRUD" name="test_create_overdue_auto_status" time="0.050" /><testcase classname="tests.test_iteration9_payables.TestPayablesCRUD" name="test_create_paid_stays_pago_even_if_past_due" time="0.051" /><testcase classname="tests.test_iteration9_payables.TestPayablesCRUD" name="test_create_cancelled_stays_cancelado" time="0.092" /><testcase classname="tests.test_iteration9_payables.TestPayablesCRUD" name="test_create_negative_amount_clamped" time="0.047" /><testcase classname="tests.test_iteration9_payables.TestFinanceSummaryIntegration" name="test_overdue_included_in_payable_kpi" time="0.215" /><testcase classname="tests.test_iteration9_payables.TestPayablesCRUD" name="test_update_persists" time="0.097" /><testcase classname="tests.test_iteration9_payables.TestPayablesCRUD" name="test_update_negative_amount_clamped" time="0.051" /><testcase classname="tests.test_iteration9_payables.TestPayablesCRUD" name="test_mark_as_paid" time="0.050" /><testcase classname="tests.test_iteration9_payables.TestPayablesCRUD" name="test_mark_paid_404" time="0.053" /><testcase classname="tests.test_iteration9_payables.TestFinanceSummaryIntegration" name="test_cancelled_not_included_in_payable_kpi" time="0.147"><failure message="AssertionError: Cancelled payable must NOT affect KPI (before=1440, after=1441.0)&#10;assert 1.0 &lt; 1&#10; +  where 1.0 = abs((1441.0 - 1440))">backend/tests/test_iteration9_payables.py:256: in test_cancelled_not_included_in_payable_kpi
    assert abs(after - base) &lt; 1, (
E   AssertionError: Cancelled payable must NOT affect KPI (before=1440, after=1441.0)
E   assert 1.0 &lt; 1
E    +  where 1.0 = abs((1441.0 - 1440))</failure></testcase><testcase classname="tests.test_iteration9_payables.TestPayablesCRUD" name="test_update_404" time="0.051" /><testcase classname="tests.test_iteration9_payables.TestPayablesCRUD" name="test_delete_payable" time="0.149" /><testcase classname="tests.test_iteration9_payables.TestFinanceSummaryIntegration" name="test_summary_has_expected_keys" time="0.048" /><testcase classname="tests.test_iteration9_payables.TestPayablesBasics" name="test_list_payables" time="0.043" /><testcase classname="tests.test_iteration9_payables" name="test_zz_cleanup" time="0.419" /><testcase classname="tests.test_iteration9_payables.TestPayablesBasics" name="test_list_sorted_ascending_by_due_date" time="0.046" /><testcase classname="tests.test_iteration9_payables.TestPayablesBasics" name="test_categories_endpoint" time="0.048" /></testsuite></testsuites>