<?xml version="1.0" encoding="utf-8"?><testsuites name="pytest tests"><testsuite name="pytest" errors="0" failures="0" skipped="0" tests="53" time="8.867" timestamp="2026-07-18T18:47:03.544488+00:00" hostname="agent-env-b6632c43-eb9b-421b-8f97-406a689f8981"><testcase classname="tests.backend_test.TestQuotes" name="test_list_quotes_seed" time="0.268" /><testcase classname="tests.backend_test.TestContracts" name="test_list_contracts_seed" time="0.262" /><testcase classname="tests.backend_test.TestContracts" name="test_create_contract_from_template_body_auto" time="0.054" /><testcase classname="tests.backend_test.TestQuotes" name="test_create_quote_auto_number" time="0.047" /><testcase classname="tests.backend_test.TestQuotes" name="test_get_quote_by_id" time="0.051" /><testcase classname="tests.backend_test.TestContracts" name="test_create_contract_with_custom_body" time="0.056" /><testcase classname="tests.backend_test.TestQuotes" name="test_update_quote" time="0.060" /><testcase classname="tests.backend_test.TestContracts" name="test_get_contract_by_id" time="0.061" /><testcase classname="tests.backend_test.TestQuotes" name="test_patch_quote_status" time="0.049" /><testcase classname="tests.backend_test.TestContracts" name="test_get_contract_404" time="0.060" /><testcase classname="tests.backend_test.TestQuotes" name="test_get_quote_404" time="0.048" /><testcase classname="tests.backend_test.TestContracts" name="test_patch_contract_status" time="0.057" /><testcase classname="tests.backend_test.TestQuotes" name="test_delete_quote" time="0.138" /><testcase classname="tests.backend_test.TestContracts" name="test_sign_contract_requires_signer_name" time="0.055" /><testcase classname="tests.backend_test.TestContracts" name="test_sign_contract_success" time="0.108" /><testcase classname="tests.backend_test.TestContracts" name="test_delete_contracts" time="0.188" /><testcase classname="tests.test_iteration4_galleries.TestPublicGalleryOpen" name="test_get_returns_full_gallery" time="0.185" /><testcase classname="tests.test_iteration4_galleries.TestPublicGalleryOpen" name="test_bad_token_404" time="0.044" /><testcase classname="tests.test_iteration4_galleries.TestPublicGalleryOpen" name="test_photo_action_favorite" time="0.145" /><testcase classname="tests.test_iteration4_galleries.TestPublicGalleryOpen" name="test_photo_action_select_and_approve_reject" time="0.275" /><testcase classname="tests.test_iteration4_galleries.TestGalleryPremiumSettings" name="test_patch_settings_all_fields" time="0.258" /><testcase classname="tests.test_iteration4_galleries.TestGalleryPremiumSettings" name="test_patch_settings_partial_no_wipe" time="0.059" /><testcase classname="tests.test_iteration4_galleries.TestGalleryPremiumSettings" name="test_settings_404" time="0.054" /><testcase classname="tests.test_iteration4_galleries.TestGalleryPremiumSettings" name="test_share_generates_token" time="0.109" /><testcase classname="tests.test_iteration4_galleries.TestPublicGalleryOpen" name="test_add_comment" time="0.179" /><testcase classname="tests.test_iteration4_galleries.TestGalleryPremiumSettings" name="test_feature_toggle" time="0.216" /><testcase classname="tests.test_iteration4_galleries.TestPublicGalleryOpen" name="test_order_mock_checkout" time="0.051" /><testcase classname="tests.backend_test.TestClients" name="test_list_clients" time="0.053" /><testcase classname="tests.backend_test.TestClients" name="test_create_client" time="0.093" /><testcase classname="tests.backend_test.TestClients" name="test_toggle_favorite" time="0.054" /><testcase classname="tests.test_iteration4_galleries.TestPublicGalleryPassword" name="test_get_returns_protected_marker" time="0.288" /><testcase classname="tests.backend_test.TestClients" name="test_delete_client" time="0.097" /><testcase classname="tests.test_iteration4_galleries.TestPublicGalleryPassword" name="test_verify_wrong_password_403" time="0.046" /><testcase classname="tests.test_iteration4_galleries.TestPublicGalleryPassword" name="test_verify_correct_password_returns_full" time="0.089" /><testcase classname="tests.backend_test.TestHealthAndSeed" name="test_root" time="0.051" /><testcase classname="tests.backend_test.TestHealthAndSeed" name="test_seed_idempotent" time="0.158" /><testcase classname="tests.test_iteration4_galleries.TestPublicGalleryPassword" name="test_photo_action_requires_pin" time="0.276" /><testcase classname="tests.backend_test.TestHealthAndSeed" name="test_dashboard_stats_shape" time="0.054" /><testcase classname="tests.backend_test.TestAIAssistant" name="test_ai_chat_basic_portuguese" time="1.014" /><testcase classname="tests.backend_test.TestQuoteConversions" name="test_convert_to_invoice" time="0.234" /><testcase classname="tests.backend_test.TestQuoteConversions" name="test_convert_to_contract" time="0.231" /><testcase classname="tests.backend_test.TestQuoteConversions" name="test_convert_404_when_quote_missing" time="0.102" /><testcase classname="tests.backend_test.TestSessions" name="test_list_sessions_seed" time="0.046" /><testcase classname="tests.backend_test.TestSessions" name="test_create_and_delete_session" time="0.143" /><testcase classname="tests.test_iteration4_galleries.TestSessionGallery" name="test_create_gallery_from_session_and_idempotent" time="0.238" /><testcase classname="tests.backend_test.TestAIAssistant" name="test_ai_chat_unpaid_context" time="1.706" /><testcase classname="tests.test_iteration4_galleries.TestSessionGallery" name="test_session_gallery_404" time="0.045" /><testcase classname="tests.backend_test.TestInvoices" name="test_create_invoice_totals" time="0.092" /><testcase classname="tests.test_iteration4_galleries.TestGalleryAiSearch" name="test_ai_search_returns_list" time="4.650" /><testcase classname="tests.backend_test.TestAIAssistant" name="test_ai_history_persists" time="0.055" /><testcase classname="tests.backend_test.TestTemplates" name="test_templates_shape" time="0.051" /><testcase classname="tests.test_iteration4_galleries.TestStoreProducts" name="test_products_returns_six" time="0.045" /><testcase classname="tests.test_iteration4_galleries.TestPublicGalleryExpired" name="test_expired_link_returns_410" time="0.278" /></testsuite></testsuites>