<?xml version="1.0" encoding="utf-8"?><testsuites name="pytest tests"><testsuite name="pytest" errors="0" failures="0" skipped="0" tests="13" time="1.365" timestamp="2026-07-18T20:46:15.356601+00:00" hostname="agent-env-b6632c43-eb9b-421b-8f97-406a689f8981"><testcase classname="tests.test_iteration8_receivables.TestReceivablesCRUD" name="test_create_receivable_pending" time="0.285" /><testcase classname="tests.test_iteration8_receivables.TestReceivablesBasics" name="test_list_receivables" time="0.397" /><testcase classname="tests.test_iteration8_receivables.TestReceivablesCRUD" name="test_create_receivable_overdue" time="0.046" /><testcase classname="tests.test_iteration8_receivables.TestReceivablesCRUD" name="test_update_receivable_persists" time="0.101" /><testcase classname="tests.test_iteration8_receivables.TestReceivablesBasics" name="test_list_default_sort_ascending_by_due_date" time="0.056" /><testcase classname="tests.test_iteration8_receivables.TestReceivablesCRUD" name="test_partial_payment_changes_status_to_parcial" time="0.090" /><testcase classname="tests.test_iteration8_receivables.TestFinanceSummaryIntegration" name="test_receivable_kpi_reflects_open_balances" time="0.384" /><testcase classname="tests.test_iteration8_receivables.TestReceivablesCRUD" name="test_partial_payment_invalid_amount_returns_400" time="0.048" /><testcase classname="tests.test_iteration8_receivables.TestReceivablesCRUD" name="test_mark_as_paid_sets_status_pago" time="0.093" /><testcase classname="tests.test_iteration8_receivables.TestReceivablesCRUD" name="test_payment_capped_at_total" time="0.045" /><testcase classname="tests.test_iteration8_receivables.TestReceivablesCRUD" name="test_delete_receivable" time="0.137" /><testcase classname="tests.test_iteration8_receivables.TestFinanceSummaryIntegration" name="test_summary_has_expected_keys" time="0.053" /><testcase classname="tests.test_iteration8_receivables" name="test_zz_cleanup" time="0.156" /></testsuite></testsuites>