<?xml version="1.0" encoding="utf-8"?><testsuites name="pytest tests"><testsuite name="pytest" errors="0" failures="1" skipped="0" tests="19" time="1.797" timestamp="2026-07-20T14:02:31.373805+00:00" hostname="agent-env-b6632c43-eb9b-421b-8f97-406a689f8981"><testcase classname="tests.test_iteration14_store_order_from_gallery.TestSmokeOtherModules" name="test_smoke_clients" time="0.231" /><testcase classname="tests.test_iteration14_store_order_from_gallery.TestSmokeOtherModules" name="test_smoke_sessions" time="0.051" /><testcase classname="tests.test_iteration14_store_order_from_gallery.TestSmokeOtherModules" name="test_smoke_invoices" time="0.060" /><testcase classname="tests.test_iteration14_store_order_from_gallery.TestSmokeOtherModules" name="test_smoke_receivables" time="0.053" /><testcase classname="tests.test_iteration14_store_order_from_gallery.TestSmokeOtherModules" name="test_smoke_payables" time="0.049" /><testcase classname="tests.test_iteration14_store_order_from_gallery.TestSmokeOtherModules" name="test_smoke_store_products" time="0.050" /><testcase classname="tests.test_iteration14_store_order_from_gallery.TestPublicStoreOrder" name="test_public_gallery_token_and_share" time="0.471" /><testcase classname="tests.test_iteration14_store_order_from_gallery.TestPublicStoreOrder" name="test_empty_cart_returns_400" time="0.069" /><testcase classname="tests.test_iteration14_store_order_from_gallery.TestSmokeOtherModules" name="test_smoke_store_categories" time="0.087" /><testcase classname="tests.test_iteration14_store_order_from_gallery.TestPublicStoreOrder" name="test_create_store_order_from_gallery" time="0.140" /><testcase classname="tests.test_iteration14_store_order_from_gallery.TestPublicStoreOrder" name="test_order_appears_in_admin_orders" time="0.074" /><testcase classname="tests.test_iteration14_store_order_from_gallery.TestGalleryRegression" name="test_gallery_public_get" time="0.211" /><testcase classname="tests.test_iteration14_store_order_from_gallery.TestPublicStoreOrder" name="test_order_appears_in_admin_orders_filtered_by_status_novo" time="0.074" /><testcase classname="tests.test_iteration14_store_order_from_gallery.TestPublicStoreOrder" name="test_order_has_photos_and_customer_phone_in_admin_view" time="0.065" /><testcase classname="tests.test_iteration14_store_order_from_gallery.TestGalleryRegression" name="test_favorite_photo_via_public_patch" time="0.202" /><testcase classname="tests.test_iteration14_store_order_from_gallery.TestPublicStoreOrder" name="test_invalid_token_returns_404" time="0.287" /><testcase classname="tests.test_iteration14_store_order_from_gallery.TestGalleryRegression" name="test_legacy_order_endpoint_still_works" time="0.091" /><testcase classname="tests.test_iteration14_store_order_from_gallery.TestAdminStoreOrdersRegression" name="test_admin_create_order_with_phone_and_photo_fields" time="0.158"><failure message="AssertionError: assert '' == '+351 933 222 111'&#10;  &#10;  - +351 933 222 111">backend/tests/test_iteration14_store_order_from_gallery.py:194: in test_admin_create_order_with_phone_and_photo_fields
    assert o["customer_phone"] == "+351 933 222 111"
E   AssertionError: assert '' == '+351 933 222 111'
E     
E     - +351 933 222 111</failure></testcase><testcase classname="tests.test_iteration14_store_order_from_gallery.TestAdminStoreOrdersRegression" name="test_states_endpoint_still_lists_novo" time="0.156" /></testsuite></testsuites>