<?xml version="1.0" encoding="utf-8"?><testsuites name="pytest tests"><testsuite name="pytest" errors="0" failures="0" skipped="0" tests="20" time="7.970" timestamp="2026-07-18T18:46:49.241304+00:00" hostname="agent-env-b6632c43-eb9b-421b-8f97-406a689f8981"><testcase classname="tests.test_iteration4_galleries.TestGalleryPremiumSettings" name="test_patch_settings_all_fields" time="0.474" /><testcase classname="tests.test_iteration4_galleries.TestPublicGalleryOpen" name="test_get_returns_full_gallery" time="0.529" /><testcase classname="tests.test_iteration4_galleries.TestGalleryPremiumSettings" name="test_patch_settings_partial_no_wipe" time="0.046" /><testcase classname="tests.test_iteration4_galleries.TestGalleryPremiumSettings" name="test_settings_404" time="0.087" /><testcase classname="tests.test_iteration4_galleries.TestPublicGalleryOpen" name="test_bad_token_404" time="0.050" /><testcase classname="tests.test_iteration4_galleries.TestPublicGalleryOpen" name="test_photo_action_favorite" time="0.155" /><testcase classname="tests.test_iteration4_galleries.TestGalleryPremiumSettings" name="test_share_generates_token" time="0.172" /><testcase classname="tests.test_iteration4_galleries.TestPublicGalleryOpen" name="test_photo_action_select_and_approve_reject" time="0.248" /><testcase classname="tests.test_iteration4_galleries.TestGalleryPremiumSettings" name="test_feature_toggle" time="0.213" /><testcase classname="tests.test_iteration4_galleries.TestPublicGalleryOpen" name="test_add_comment" time="0.198" /><testcase classname="tests.test_iteration4_galleries.TestPublicGalleryOpen" name="test_order_mock_checkout" time="0.056" /><testcase classname="tests.test_iteration4_galleries.TestPublicGalleryPassword" name="test_get_returns_protected_marker" time="0.277" /><testcase classname="tests.test_iteration4_galleries.TestSessionGallery" name="test_create_gallery_from_session_and_idempotent" time="0.443" /><testcase classname="tests.test_iteration4_galleries.TestPublicGalleryPassword" name="test_verify_wrong_password_403" time="0.055" /><testcase classname="tests.test_iteration4_galleries.TestPublicGalleryPassword" name="test_verify_correct_password_returns_full" time="0.086" /><testcase classname="tests.test_iteration4_galleries.TestPublicGalleryPassword" name="test_photo_action_requires_pin" time="0.130" /><testcase classname="tests.test_iteration4_galleries.TestStoreProducts" name="test_products_returns_six" time="0.090" /><testcase classname="tests.test_iteration4_galleries.TestPublicGalleryExpired" name="test_expired_link_returns_410" time="0.353" /><testcase classname="tests.test_iteration4_galleries.TestSessionGallery" name="test_session_gallery_404" time="0.090" /><testcase classname="tests.test_iteration4_galleries.TestGalleryAiSearch" name="test_ai_search_returns_list" time="5.692" /></testsuite></testsuites>