<?xml version="1.0" encoding="utf-8"?><testsuites name="pytest tests"><testsuite name="pytest" errors="0" failures="0" skipped="0" tests="7" time="17.264" timestamp="2026-08-05T10:33:27.859621+00:00" hostname="agent-env-b6632c43-eb9b-421b-8f97-406a689f8981"><testcase classname="tests.test_iteration22_ai_assistants" name="test_assistant_returns_200_and_pt_pt[comercial]" time="3.669" /><testcase classname="tests.test_iteration22_ai_assistants" name="test_assistant_returns_200_and_pt_pt[fotografico]" time="2.913" /><testcase classname="tests.test_iteration22_ai_assistants" name="test_assistant_returns_200_and_pt_pt[financeiro]" time="1.255" /><testcase classname="tests.test_iteration22_ai_assistants" name="test_assistant_returns_200_and_pt_pt[marketing]" time="1.971" /><testcase classname="tests.test_iteration22_ai_assistants" name="test_financeiro_uses_real_data" time="1.190" /><testcase classname="tests.test_iteration22_ai_assistants" name="test_invalid_assistant_falls_back" time="3.914" /><testcase classname="tests.test_iteration22_ai_assistants" name="test_session_continuity" time="2.328" /></testsuite></testsuites>