<?xml version="1.0" encoding="utf-8"?><testsuites name="pytest tests"><testsuite name="pytest" errors="0" failures="0" skipped="0" tests="20" time="4.266" timestamp="2026-07-20T13:44:13.252898+00:00" hostname="agent-env-b6632c43-eb9b-421b-8f97-406a689f8981"><testcase classname="tests.test_iteration13_store_orders.TestCategoriesExtended" name="test_create_with_description_and_active_false" time="0.460" /><testcase classname="tests.test_iteration13_store_orders.TestStoreOrders" name="test_get_states_pt" time="0.328" /><testcase classname="tests.test_iteration13_store_orders.TestStoreOrders" name="test_seed_has_three_orders_with_encoded_numbers" time="0.106" /><testcase classname="tests.test_iteration13_store_orders.TestStoreOrders" name="test_filter_orders_by_status" time="0.208" /><testcase classname="tests.test_iteration13_store_orders.TestCategoriesExtended" name="test_update_category_put" time="0.477" /><testcase classname="tests.test_iteration13_store_orders.TestStoreOrders" name="test_create_order_calculates_total_and_generates_number" time="0.346" /><testcase classname="tests.test_iteration13_store_orders.TestCategoriesExtended" name="test_update_category_not_found_404" time="0.098" /><testcase classname="tests.test_iteration13_store_orders.TestStoreOrders" name="test_create_order_status_default_novo_when_invalid" time="0.274" /><testcase classname="tests.test_iteration13_store_orders.TestCategoriesExtended" name="test_toggle_category_active" time="0.505" /><testcase classname="tests.test_iteration13_store_orders.TestStoreOrders" name="test_update_order_recalculates_total" time="0.429" /><testcase classname="tests.test_iteration13_store_orders.TestCategoriesExtended" name="test_toggle_category_not_found_404" time="0.109" /><testcase classname="tests.test_iteration13_store_orders.TestProductsSKU" name="test_seed_products_have_expected_skus" time="0.108" /><testcase classname="tests.test_iteration13_store_orders.TestStoreOrders" name="test_update_order_invalid_status_400" time="0.362" /><testcase classname="tests.test_iteration13_store_orders.TestProductsSKU" name="test_create_product_with_sku" time="0.530" /><testcase classname="tests.test_iteration13_store_orders.TestStoreOrders" name="test_patch_status_valid" time="0.990" /><testcase classname="tests.test_iteration13_store_orders.TestPublicGalleryRegression" name="test_public_checkout_still_works_mocked" time="0.482" /><testcase classname="tests.test_iteration13_store_orders.TestOtherModulesSmoke" name="test_modules_ok" time="1.104" /><testcase classname="tests.test_iteration13_store_orders.TestStoreOrders" name="test_patch_status_invalid_400" time="0.358" /><testcase classname="tests.test_iteration13_store_orders.TestStoreOrders" name="test_delete_order" time="0.340" /><testcase classname="tests.test_iteration13_store_orders.TestStoreOrders" name="test_store_orders_isolated_from_gallery_orders" time="0.128" /></testsuite></testsuites>