<?xml version="1.0" encoding="utf-8"?><testsuites name="pytest tests"><testsuite name="pytest" errors="0" failures="0" skipped="0" tests="12" time="4.261" timestamp="2026-07-24T11:06:09.975388+00:00" hostname="agent-env-b6632c43-eb9b-421b-8f97-406a689f8981"><testcase classname="tests.test_iteration21_automation.TestNotifications" name="test_list_notifications" time="0.242" /><testcase classname="tests.test_iteration21_automation.TestNotifications" name="test_unread_count" time="0.047" /><testcase classname="tests.test_iteration21_automation.TestNotifications" name="test_mark_all_and_verify" time="0.625" /><testcase classname="tests.test_iteration21_automation.TestNotifications" name="test_mark_one" time="0.655" /><testcase classname="tests.test_iteration21_automation.TestActivities" name="test_list_activities" time="0.044" /><testcase classname="tests.test_iteration21_automation.TestActivities" name="test_activity_on_new_order" time="0.554" /><testcase classname="tests.test_iteration21_automation.TestDashboardStats" name="test_stats_contract" time="0.048" /><testcase classname="tests.test_iteration21_automation.TestOrderCreationSideEffects" name="test_full_pre_paid_side_effects" time="0.639" /><testcase classname="tests.test_iteration21_automation.TestUpdateOrderStatusNotifications" name="test_cancel_status_creates_notification" time="0.550" /><testcase classname="tests.test_iteration21_automation.TestUpdateOrderStatusNotifications" name="test_delivered_status_creates_notification" time="0.603" /><testcase classname="tests.test_iteration21_automation.TestPaidAutomationExistingOrder" name="test_existing_paid_order_artifacts" time="0.187" /><testcase classname="tests.test_iteration21_automation.TestWebhookSecurity" name="test_webhook_rejects_invalid_signature" time="0.046" /></testsuite></testsuites>