<?xml version="1.0" encoding="utf-8"?><testsuites name="pytest tests"><testsuite name="pytest" errors="0" failures="2" skipped="0" tests="90" time="13.420" timestamp="2026-07-18T19:44:45.928426+00:00" hostname="agent-env-b6632c43-eb9b-421b-8f97-406a689f8981"><testcase classname="tests.test_iteration6_portal.TestPortalUnauthenticated" name="test_401_without_token[/api/portal/dashboard]" time="0.336" /><testcase classname="tests.backend_test.TestContracts" name="test_list_contracts_seed" time="0.371" /><testcase classname="tests.test_iteration6_portal.TestPortalUnauthenticated" name="test_401_without_token[/api/portal/sessions]" time="0.164" /><testcase classname="tests.backend_test.TestContracts" name="test_create_contract_from_template_body_auto" time="0.043" /><testcase classname="tests.backend_test.TestContracts" name="test_create_contract_with_custom_body" time="0.045" /><testcase classname="tests.backend_test.TestContracts" name="test_get_contract_by_id" time="0.045" /><testcase classname="tests.test_iteration6_portal.TestPortalUnauthenticated" name="test_401_without_token[/api/portal/galleries]" time="0.150" /><testcase classname="tests.backend_test.TestContracts" name="test_get_contract_404" time="0.083" /><testcase classname="tests.backend_test.TestContracts" name="test_patch_contract_status" time="0.046" /><testcase classname="tests.backend_test.TestContracts" name="test_sign_contract_requires_signer_name" time="0.046" /><testcase classname="tests.test_iteration6_portal.TestPortalUnauthenticated" name="test_401_without_token[/api/portal/contracts]" time="0.140" /><testcase classname="tests.backend_test.TestContracts" name="test_sign_contract_success" time="0.086" /><testcase classname="tests.backend_test.TestContracts" name="test_delete_contracts" time="0.190" /><testcase classname="tests.test_iteration6_portal.TestPortalUnauthenticated" name="test_401_without_token[/api/portal/quotes]" time="0.106" /><testcase classname="tests.test_iteration6_portal.TestPortalUnauthenticated" name="test_401_without_token[/api/portal/invoices]" time="0.151" /><testcase classname="tests.backend_test.TestQuotes" name="test_list_quotes_seed" time="0.043" /><testcase classname="tests.backend_test.TestQuotes" name="test_create_quote_auto_number" time="0.046" /><testcase classname="tests.test_iteration6_portal.TestPortalUnauthenticated" name="test_401_invalid_token[/api/portal/dashboard]" time="0.153" /><testcase classname="tests.backend_test.TestQuotes" name="test_get_quote_by_id" time="0.045" /><testcase classname="tests.backend_test.TestQuotes" name="test_update_quote" time="0.046" /><testcase classname="tests.backend_test.TestQuotes" name="test_patch_quote_status" time="0.044" /><testcase classname="tests.backend_test.TestQuotes" name="test_get_quote_404" time="0.050" /><testcase classname="tests.test_iteration6_portal.TestPortalUnauthenticated" name="test_401_invalid_token[/api/portal/sessions]" time="0.106" /><testcase classname="tests.backend_test.TestQuotes" name="test_delete_quote" time="0.128" /><testcase classname="tests.test_iteration6_portal.TestPortalUnauthenticated" name="test_401_invalid_token[/api/portal/galleries]" time="0.326" /><testcase classname="tests.test_iteration6_portal.TestPortalAuth" name="test_login_success_returns_token_and_client" time="0.269" /><testcase classname="tests.test_iteration6_portal.TestPortalAuth" name="test_login_wrong_password" time="0.276" /><testcase classname="tests.test_iteration6_portal.TestPortalUnauthenticated" name="test_401_invalid_token[/api/portal/contracts]" time="0.275" /><testcase classname="tests.test_iteration6_portal.TestPortalAuth" name="test_login_unknown_email" time="0.052" /><testcase classname="tests.test_iteration6_portal.TestPortalUnauthenticated" name="test_401_invalid_token[/api/portal/quotes]" time="0.102" /><testcase classname="tests.test_iteration6_portal.TestPortalAuth" name="test_me_without_token" time="0.104" /><testcase classname="tests.test_iteration6_portal.TestPortalUnauthenticated" name="test_401_invalid_token[/api/portal/invoices]" time="0.127" /><testcase classname="tests.test_iteration6_portal.TestPortalAuth" name="test_me_with_invalid_token" time="0.125" /><testcase classname="tests.test_iteration6_portal.TestPortalAuth" name="test_me_with_valid_token" time="0.372" /><testcase classname="tests.test_iteration4_galleries.TestPublicGalleryOpen" name="test_get_returns_full_gallery" time="0.501" /><testcase classname="tests.test_iteration6_portal.TestPortalAuth" name="test_forgot_password_generic_success" time="0.138" /><testcase classname="tests.test_iteration4_galleries.TestPublicGalleryOpen" name="test_bad_token_404" time="0.055" /><testcase classname="tests.test_iteration4_galleries.TestPublicGalleryOpen" name="test_photo_action_favorite" time="0.174" /><testcase classname="tests.test_iteration6_portal.TestPortalScoping" name="test_sessions_scoped_to_client" time="0.241" /><testcase classname="tests.test_iteration4_galleries.TestPublicGalleryOpen" name="test_photo_action_select_and_approve_reject" time="0.248" /><testcase classname="tests.test_iteration6_portal.TestPortalScoping" name="test_galleries_scoped" time="0.223" /><testcase classname="tests.test_iteration4_galleries.TestPublicGalleryOpen" name="test_add_comment" time="0.200" /><testcase classname="tests.test_iteration6_portal.TestPortalScoping" name="test_contracts_scoped" time="0.226" /><testcase classname="tests.test_iteration4_galleries.TestPublicGalleryOpen" name="test_order_mock_checkout" time="0.076" /><testcase classname="tests.test_iteration6_portal.TestPortalScoping" name="test_quotes_scoped" time="0.217" /><testcase classname="tests.test_iteration4_galleries.TestGalleryPremiumSettings" name="test_patch_settings_all_fields" time="0.212" /><testcase classname="tests.test_iteration4_galleries.TestGalleryPremiumSettings" name="test_patch_settings_partial_no_wipe" time="0.057" /><testcase classname="tests.test_iteration6_portal.TestPortalScoping" name="test_invoices_scoped" time="0.204" /><testcase classname="tests.test_iteration4_galleries.TestGalleryPremiumSettings" name="test_settings_404" time="0.099" /><testcase classname="tests.test_iteration4_galleries.TestGalleryPremiumSettings" name="test_share_generates_token" time="0.330" /><testcase classname="tests.test_iteration6_portal.TestPortalScoping" name="test_ana_and_beatriz_see_different_data" time="0.789" /><testcase classname="tests.test_iteration4_galleries.TestGalleryPremiumSettings" name="test_feature_toggle" time="0.170" /><testcase classname="tests.test_iteration4_galleries.TestPublicGalleryPassword" name="test_get_returns_protected_marker" time="0.277" /><testcase classname="tests.test_iteration4_galleries.TestPublicGalleryPassword" name="test_verify_wrong_password_403" time="0.054" /><testcase classname="tests.test_iteration4_galleries.TestPublicGalleryPassword" name="test_verify_correct_password_returns_full" time="0.052" /><testcase classname="tests.backend_test.TestClients" name="test_list_clients" time="0.044" /><testcase classname="tests.backend_test.TestClients" name="test_create_client" time="0.049" /><testcase classname="tests.test_iteration4_galleries.TestPublicGalleryPassword" name="test_photo_action_requires_pin" time="0.406" /><testcase classname="tests.backend_test.TestClients" name="test_toggle_favorite" time="0.086" /><testcase classname="tests.backend_test.TestClients" name="test_delete_client" time="0.049" /><testcase classname="tests.backend_test.TestHealthAndSeed" name="test_root" time="0.086" /><testcase classname="tests.backend_test.TestHealthAndSeed" name="test_seed_idempotent" time="0.089" /><testcase classname="tests.backend_test.TestHealthAndSeed" name="test_dashboard_stats_shape" time="0.086" /><testcase classname="tests.test_iteration5_i18n.TestClientI18n" name="test_create_client_with_expanded_fields" time="0.055" /><testcase classname="tests.backend_test.TestQuoteConversions" name="test_convert_to_invoice" time="0.651" /><testcase classname="tests.test_iteration5_i18n.TestClientI18n" name="test_get_client_returns_expanded_fields" time="0.064" /><testcase classname="tests.test_iteration5_i18n.TestClientI18n" name="test_put_client_updates_expanded_fields" time="0.061" /><testcase classname="tests.test_iteration5_i18n.TestClientI18n" name="test_cleanup_delete_client" time="0.110" /><testcase classname="tests.backend_test.TestAIAssistant" name="test_ai_chat_basic_portuguese" time="1.323" /><testcase classname="tests.backend_test.TestQuoteConversions" name="test_convert_to_contract" time="0.247" /><testcase classname="tests.backend_test.TestQuoteConversions" name="test_convert_404_when_quote_missing" time="0.113" /><testcase classname="tests.test_iteration5_i18n.TestSettings" name="test_get_settings_returns_defaults" time="0.047" /><testcase classname="tests.test_iteration5_i18n.TestSettings" name="test_put_settings_br_then_get_persisted" time="0.137" /><testcase classname="tests.test_iteration5_i18n.TestSettings" name="test_put_settings_back_to_pt" time="0.143" /><testcase classname="tests.backend_test.TestSessions" name="test_list_sessions_seed" time="0.044" /><testcase classname="tests.backend_test.TestSessions" name="test_create_and_delete_session" time="0.153" /><testcase classname="tests.test_iteration4_galleries.TestSessionGallery" name="test_create_gallery_from_session_and_idempotent" time="0.238" /><testcase classname="tests.backend_test.TestAIAssistant" name="test_ai_chat_unpaid_context" time="1.831" /><testcase classname="tests.test_iteration4_galleries.TestSessionGallery" name="test_session_gallery_404" time="0.050" /><testcase classname="tests.test_iteration6_portal.TestPortalProfile" name="test_update_profile_and_persistence" time="0.748" /><testcase classname="tests.test_iteration6_portal.TestPortalProfile" name="test_profile_requires_auth" time="0.108" /><testcase classname="tests.backend_test.TestInvoices" name="test_create_invoice_totals" time="0.094" /><testcase classname="tests.backend_test.TestTemplates" name="test_templates_shape" time="0.049" /><testcase classname="tests.test_iteration4_galleries.TestGalleryAiSearch" name="test_ai_search_returns_list" time="4.587" /><testcase classname="tests.backend_test.TestAIAssistant" name="test_ai_history_persists" time="0.054" /><testcase classname="tests.test_iteration6_portal.TestPasswordHashLeak" name="test_clients_list_no_password_hash" time="0.054"><failure message="AssertionError: assert 'password_hash' not in {'id': '73739a64-ace5-421f-aded-d4e58a8f656e', 'name': 'João Marques', 'email': 'joao.m@email.pt', 'phone': '+351 913 220 887', ...}">E   AssertionError: assert 'password_hash' not in {'id': '73739a64-ace5-421f-aded-d4e58a8f656e', 'name': 'João Marques', 'email': 'joao.m@email.pt', 'phone': '+351 913 220 887', ...}</failure></testcase><testcase classname="tests.test_iteration6_portal.TestPasswordHashLeak" name="test_client_detail_no_password_hash" time="0.107"><failure message="AssertionError: assert 'password_hash' not in {'id': '73739a64-ace5-421f-aded-d4e58a8f656e', 'name': 'João Marques', 'email': 'joao.m@email.pt', 'phone': '+351 913 220 887', ...}&#10; +  where {'id': '73739a64-ace5-421f-aded-d4e58a8f656e', 'name': 'João Marques', 'email': 'joao.m@email.pt', 'phone': '+351 913 220 887', ...} = json()&#10; +    where json = &lt;Response [200]&gt;.json">E   AssertionError: assert 'password_hash' not in {'id': '73739a64-ace5-421f-aded-d4e58a8f656e', 'name': 'João Marques', 'email': 'joao.m@email.pt', 'phone': '+351 913 220 887', ...}
     +  where {'id': '73739a64-ace5-421f-aded-d4e58a8f656e', 'name': 'João Marques', 'email': 'joao.m@email.pt', 'phone': '+351 913 220 887', ...} = json()
     +    where json = &lt;Response [200]&gt;.json</failure></testcase><testcase classname="tests.test_iteration6_portal.TestPortalDashboard" name="test_dashboard_shape_and_scoping" time="0.384" /><testcase classname="tests.test_iteration4_galleries.TestStoreProducts" name="test_products_returns_six" time="0.049" /><testcase classname="tests.test_iteration4_galleries.TestPublicGalleryExpired" name="test_expired_link_returns_410" time="0.324" /></testsuite></testsuites>