<?xml version="1.0" encoding="utf-8"?><testsuites name="pytest tests"><testsuite name="pytest" errors="0" failures="0" skipped="1" tests="15" time="2.754" timestamp="2026-07-18T19:56:49.110370+00:00" hostname="agent-env-b6632c43-eb9b-421b-8f97-406a689f8981"><testcase classname="tests.test_iteration7_galleries.TestPhotoToggle" name="test_toggle_favorite" time="0.582" /><testcase classname="tests.test_iteration7_galleries.TestGalleryCreateNewFields" name="test_create_persists_all_new_fields" time="0.465" /><testcase classname="tests.test_iteration7_galleries.TestGalleryCreateNewFields" name="test_create_with_session_id" time="0.227" /><testcase classname="tests.test_iteration7_galleries.TestPhotoToggle" name="test_toggle_selected" time="0.242" /><testcase classname="tests.test_iteration7_galleries.TestGalleryCreateNewFields" name="test_create_defaults" time="0.111" /><testcase classname="tests.test_iteration7_galleries.TestGalleryRegression" name="test_feature_toggle" time="0.300" /><testcase classname="tests.test_iteration7_galleries.TestPhotoToggle" name="test_toggle_invalid_field_400" time="0.226" /><testcase classname="tests.test_iteration7_galleries.TestPhotoRate" name="test_rate_sets_stars" time="0.274" /><testcase classname="tests.test_iteration7_galleries.TestGalleryRegression" name="test_share_generates_access_token" time="0.273" /><testcase classname="tests.test_iteration7_galleries.TestPhotoRate" name="test_rate_clamps_high_and_low" time="0.370" /><testcase classname="tests.test_iteration7_galleries.TestGalleryRegression" name="test_settings_patch" time="0.212" /><testcase classname="tests.test_iteration7_galleries" name="test_list_galleries_still_works" time="0.088" /><testcase classname="tests.test_iteration7_galleries.TestAIRegression" name="test_ai_search_empty_query_400" time="0.001"><skipped type="pytest.skip" message="AI (gpt-5.4) is slow; enable with RUN_AI_TESTS=1">/app/backend/tests/test_iteration7_galleries.py:276: AI (gpt-5.4) is slow; enable with RUN_AI_TESTS=1</skipped></testcase><testcase classname="tests.test_iteration7_galleries.TestPhotoComment" name="test_comment_appends" time="0.308" /><testcase classname="tests.test_iteration7_galleries.TestPhotoComment" name="test_comment_empty_400" time="0.239" /></testsuite></testsuites>