<?xml version="1.0" encoding="utf-8"?><testsuites name="pytest tests"><testsuite name="pytest" errors="0" failures="2" skipped="0" tests="30" time="4.420" timestamp="2026-07-18T19:42:48.149204+00:00" hostname="agent-env-b6632c43-eb9b-421b-8f97-406a689f8981"><testcase classname="tests.test_iteration6_portal.TestPortalUnauthenticated" name="test_401_without_token[/api/portal/dashboard]" time="0.520" /><testcase classname="tests.test_iteration6_portal.TestPortalAuth" name="test_login_success_returns_token_and_client" time="0.517" /><testcase classname="tests.test_iteration6_portal.TestPortalAuth" name="test_login_wrong_password" time="0.269" /><testcase classname="tests.test_iteration6_portal.TestPortalUnauthenticated" name="test_401_without_token[/api/portal/sessions]" time="0.268" /><testcase classname="tests.test_iteration6_portal.TestPortalAuth" name="test_login_unknown_email" time="0.049" /><testcase classname="tests.test_iteration6_portal.TestPortalUnauthenticated" name="test_401_without_token[/api/portal/galleries]" time="0.131" /><testcase classname="tests.test_iteration6_portal.TestPortalAuth" name="test_me_without_token" time="0.188" /><testcase classname="tests.test_iteration6_portal.TestPortalUnauthenticated" name="test_401_without_token[/api/portal/contracts]" time="0.148" /><testcase classname="tests.test_iteration6_portal.TestPortalAuth" name="test_me_with_invalid_token" time="0.103" /><testcase classname="tests.test_iteration6_portal.TestPortalUnauthenticated" name="test_401_without_token[/api/portal/quotes]" time="0.105" /><testcase classname="tests.test_iteration6_portal.TestPortalUnauthenticated" name="test_401_without_token[/api/portal/invoices]" time="0.256" /><testcase classname="tests.test_iteration6_portal.TestPortalAuth" name="test_me_with_valid_token" time="0.478" /><testcase classname="tests.test_iteration6_portal.TestPortalUnauthenticated" name="test_401_invalid_token[/api/portal/dashboard]" time="0.117" /><testcase classname="tests.test_iteration6_portal.TestPortalUnauthenticated" name="test_401_invalid_token[/api/portal/sessions]" time="0.145" /><testcase classname="tests.test_iteration6_portal.TestPortalAuth" name="test_forgot_password_generic_success" time="0.115" /><testcase classname="tests.test_iteration6_portal.TestPortalUnauthenticated" name="test_401_invalid_token[/api/portal/galleries]" time="0.106" /><testcase classname="tests.test_iteration6_portal.TestPortalScoping" name="test_sessions_scoped_to_client" time="0.246" /><testcase classname="tests.test_iteration6_portal.TestPortalUnauthenticated" name="test_401_invalid_token[/api/portal/contracts]" time="0.167" /><testcase classname="tests.test_iteration6_portal.TestPortalUnauthenticated" name="test_401_invalid_token[/api/portal/quotes]" time="0.154" /><testcase classname="tests.test_iteration6_portal.TestPortalScoping" name="test_galleries_scoped" time="0.205" /><testcase classname="tests.test_iteration6_portal.TestPortalUnauthenticated" name="test_401_invalid_token[/api/portal/invoices]" time="0.153" /><testcase classname="tests.test_iteration6_portal.TestPortalScoping" name="test_contracts_scoped" time="0.377" /><testcase classname="tests.test_iteration6_portal.TestPortalProfile" name="test_update_profile_and_persistence" time="0.700" /><testcase classname="tests.test_iteration6_portal.TestPortalScoping" name="test_quotes_scoped" time="0.250" /><testcase classname="tests.test_iteration6_portal.TestPortalScoping" name="test_invoices_scoped" time="0.214" /><testcase classname="tests.test_iteration6_portal.TestPortalProfile" name="test_profile_requires_auth" time="0.311" /><testcase classname="tests.test_iteration6_portal.TestPortalScoping" name="test_ana_and_beatriz_see_different_data" time="0.803" /><testcase classname="tests.test_iteration6_portal.TestPasswordHashLeak" name="test_clients_list_no_password_hash" time="0.050"><failure message="AssertionError: assert 'password_hash' not in {'id': '73739a64-ace5-421f-aded-d4e58a8f656e', 'name': 'João Marques', 'email': 'joao.m@email.pt', 'phone': '+351 913 220 887', ...}">backend/tests/test_iteration6_portal.py:228: in test_clients_list_no_password_hash
    assert "password_hash" not in c
E   AssertionError: assert 'password_hash' not in {'id': '73739a64-ace5-421f-aded-d4e58a8f656e', 'name': 'João Marques', 'email': 'joao.m@email.pt', 'phone': '+351 913 220 887', ...}</failure></testcase><testcase classname="tests.test_iteration6_portal.TestPasswordHashLeak" name="test_client_detail_no_password_hash" time="0.148"><failure message="AssertionError: assert 'password_hash' not in {'id': '73739a64-ace5-421f-aded-d4e58a8f656e', 'name': 'João Marques', 'email': 'joao.m@email.pt', 'phone': '+351 913 220 887', ...}&#10; +  where {'id': '73739a64-ace5-421f-aded-d4e58a8f656e', 'name': 'João Marques', 'email': 'joao.m@email.pt', 'phone': '+351 913 220 887', ...} = json()&#10; +    where json = &lt;Response [200]&gt;.json">backend/tests/test_iteration6_portal.py:235: in test_client_detail_no_password_hash
    assert "password_hash" not in r2.json()
E   AssertionError: assert 'password_hash' not in {'id': '73739a64-ace5-421f-aded-d4e58a8f656e', 'name': 'João Marques', 'email': 'joao.m@email.pt', 'phone': '+351 913 220 887', ...}
E    +  where {'id': '73739a64-ace5-421f-aded-d4e58a8f656e', 'name': 'João Marques', 'email': 'joao.m@email.pt', 'phone': '+351 913 220 887', ...} = json()
E    +    where json = &lt;Response [200]&gt;.json</failure></testcase><testcase classname="tests.test_iteration6_portal.TestPortalDashboard" name="test_dashboard_shape_and_scoping" time="0.102" /></testsuite></testsuites>