<?xml version="1.0" encoding="utf-8"?><testsuites name="pytest tests"><testsuite name="pytest" errors="0" failures="0" skipped="0" tests="18" time="3.645" timestamp="2026-07-20T13:31:55.548911+00:00" hostname="agent-env-b6632c43-eb9b-421b-8f97-406a689f8981"><testcase classname="tests.test_iteration12_store.TestFinancialSmoke" name="test_dashboard_stats" time="0.257" /><testcase classname="tests.test_iteration12_store.TestStoreProducts" name="test_list_products_unified_after_seed" time="0.428" /><testcase classname="tests.test_iteration12_store.TestFinancialSmoke" name="test_receivables_list" time="0.113" /><testcase classname="tests.test_iteration12_store.TestFinancialSmoke" name="test_payables_list" time="0.127" /><testcase classname="tests.test_iteration12_store.TestStoreProducts" name="test_list_products_no_filter_returns_all" time="0.109" /><testcase classname="tests.test_iteration12_store.TestFinancialSmoke" name="test_reports_endpoint" time="0.108" /><testcase classname="tests.test_iteration12_store.TestStoreProducts" name="test_list_products_filter_by_category" time="0.152" /><testcase classname="tests.test_iteration12_store.TestFinancialSmoke" name="test_other_modules_smoke" time="0.828" /><testcase classname="tests.test_iteration12_store.TestStoreProducts" name="test_create_product_negative_price_clamped_to_zero" time="0.427" /><testcase classname="tests.test_iteration12_store.TestStoreProducts" name="test_update_product" time="0.464" /><testcase classname="tests.test_iteration12_store.TestStoreCategories" name="test_list_categories_after_seed" time="0.101" /><testcase classname="tests.test_iteration12_store.TestStoreCategories" name="test_create_category_idempotent" time="0.513" /><testcase classname="tests.test_iteration12_store.TestStoreProducts" name="test_toggle_product_active" time="0.660" /><testcase classname="tests.test_iteration12_store.TestStoreCategories" name="test_create_category_empty_name_rejected" time="0.114" /><testcase classname="tests.test_iteration12_store.TestStoreCategories" name="test_delete_category" time="0.423" /><testcase classname="tests.test_iteration12_store.TestStoreProducts" name="test_delete_product" time="0.399" /><testcase classname="tests.test_iteration12_store.TestPublicGalleryCheckout" name="test_gallery_public_order_mock" time="0.409" /><testcase classname="tests.test_iteration12_store.TestStoreProducts" name="test_update_product_not_found_returns_404" time="0.113" /></testsuite></testsuites>