<?xml version="1.0" encoding="utf-8"?><testsuites name="pytest tests"><testsuite name="pytest" errors="0" failures="0" skipped="0" tests="19" time="1.721" timestamp="2026-07-20T14:08:46.218779+00:00" hostname="agent-env-b6632c43-eb9b-421b-8f97-406a689f8981"><testcase classname="tests.test_iteration14_store_order_from_gallery.TestSmokeOtherModules" name="test_smoke_clients" time="0.304" /><testcase classname="tests.test_iteration14_store_order_from_gallery.TestSmokeOtherModules" name="test_smoke_sessions" time="0.057" /><testcase classname="tests.test_iteration14_store_order_from_gallery.TestSmokeOtherModules" name="test_smoke_invoices" time="0.056" /><testcase classname="tests.test_iteration14_store_order_from_gallery.TestSmokeOtherModules" name="test_smoke_receivables" time="0.054" /><testcase classname="tests.test_iteration14_store_order_from_gallery.TestSmokeOtherModules" name="test_smoke_payables" time="0.054" /><testcase classname="tests.test_iteration14_store_order_from_gallery.TestPublicStoreOrder" name="test_public_gallery_token_and_share" time="0.495" /><testcase classname="tests.test_iteration14_store_order_from_gallery.TestPublicStoreOrder" name="test_empty_cart_returns_400" time="0.054" /><testcase classname="tests.test_iteration14_store_order_from_gallery.TestSmokeOtherModules" name="test_smoke_store_products" time="0.057" /><testcase classname="tests.test_iteration14_store_order_from_gallery.TestSmokeOtherModules" name="test_smoke_store_categories" time="0.059" /><testcase classname="tests.test_iteration14_store_order_from_gallery.TestPublicStoreOrder" name="test_create_store_order_from_gallery" time="0.103" /><testcase classname="tests.test_iteration14_store_order_from_gallery.TestPublicStoreOrder" name="test_order_appears_in_admin_orders" time="0.048" /><testcase classname="tests.test_iteration14_store_order_from_gallery.TestPublicStoreOrder" name="test_order_appears_in_admin_orders_filtered_by_status_novo" time="0.048" /><testcase classname="tests.test_iteration14_store_order_from_gallery.TestPublicStoreOrder" name="test_order_has_photos_and_customer_phone_in_admin_view" time="0.048" /><testcase classname="tests.test_iteration14_store_order_from_gallery.TestGalleryRegression" name="test_gallery_public_get" time="0.204" /><testcase classname="tests.test_iteration14_store_order_from_gallery.TestPublicStoreOrder" name="test_invalid_token_returns_404" time="0.096" /><testcase classname="tests.test_iteration14_store_order_from_gallery.TestAdminStoreOrdersRegression" name="test_admin_create_order_with_phone_and_photo_fields" time="0.186" /><testcase classname="tests.test_iteration14_store_order_from_gallery.TestGalleryRegression" name="test_favorite_photo_via_public_patch" time="0.211" /><testcase classname="tests.test_iteration14_store_order_from_gallery.TestGalleryRegression" name="test_legacy_order_endpoint_still_works" time="0.227" /><testcase classname="tests.test_iteration14_store_order_from_gallery.TestAdminStoreOrdersRegression" name="test_states_endpoint_still_lists_novo" time="0.145" /></testsuite></testsuites>