<?xml version="1.0" encoding="utf-8"?><testsuites name="pytest tests"><testsuite name="pytest" errors="0" failures="0" skipped="0" tests="6" time="1.369" timestamp="2026-07-20T16:10:31.220057+00:00" hostname="agent-env-b6632c43-eb9b-421b-8f97-406a689f8981"><testcase classname="tests.test_iteration20_stripe_payments.TestStoreOrder" name="test_create_checkout_session_and_recompute_price" time="0.750" /><testcase classname="tests.test_iteration20_stripe_payments.TestStoreOrder" name="test_empty_cart_rejected" time="0.074" /><testcase classname="tests.test_iteration20_stripe_payments.TestCheckoutStatus" name="test_status_reflects_pending_and_does_not_flip" time="0.316" /><testcase classname="tests.test_iteration20_stripe_payments.TestCheckoutStatus" name="test_status_404_for_unknown" time="0.073" /><testcase classname="tests.test_iteration20_stripe_payments.TestStripeWebhook" name="test_webhook_invalid_signature_returns_400" time="0.073" /><testcase classname="tests.test_iteration20_stripe_payments.TestStripeWebhook" name="test_webhook_missing_signature_returns_400" time="0.067" /></testsuite></testsuites>