<?xml version="1.0" encoding="utf-8"?><testsuites name="pytest tests"><testsuite name="pytest" errors="0" failures="0" skipped="0" tests="7" time="2.201" timestamp="2026-07-18T19:23:15.648085+00:00" hostname="agent-env-b6632c43-eb9b-421b-8f97-406a689f8981"><testcase classname="tests.test_iteration5_i18n.TestClientI18n" name="test_create_client_with_expanded_fields" time="0.334" /><testcase classname="tests.test_iteration5_i18n.TestClientI18n" name="test_get_client_returns_expanded_fields" time="0.054" /><testcase classname="tests.test_iteration5_i18n.TestClientI18n" name="test_put_client_updates_expanded_fields" time="0.050" /><testcase classname="tests.test_iteration5_i18n.TestClientI18n" name="test_cleanup_delete_client" time="0.095" /><testcase classname="tests.test_iteration5_i18n.TestSettings" name="test_get_settings_returns_defaults" time="1.219" /><testcase classname="tests.test_iteration5_i18n.TestSettings" name="test_put_settings_br_then_get_persisted" time="0.105" /><testcase classname="tests.test_iteration5_i18n.TestSettings" name="test_put_settings_back_to_pt" time="0.374" /></testsuite></testsuites>