<?xml version="1.0" encoding="utf-8"?><testsuites name="pytest tests"><testsuite name="pytest" errors="0" failures="0" skipped="1" tests="137" time="17.494" timestamp="2026-07-18T21:00:01.897970+00:00" hostname="agent-env-b6632c43-eb9b-421b-8f97-406a689f8981"><testcase classname="tests.test_iteration6_portal.TestPortalUnauthenticated" name="test_401_without_token[/api/portal/dashboard]" time="0.294" /><testcase classname="tests.test_iteration9_payables.TestPayablesCRUD" name="test_create_pending" time="0.290" /><testcase classname="tests.test_iteration9_payables.TestPayablesCRUD" name="test_create_overdue_auto_status" time="0.048" /><testcase classname="tests.test_iteration6_portal.TestPortalUnauthenticated" name="test_401_without_token[/api/portal/sessions]" time="0.094" /><testcase classname="tests.test_iteration9_payables.TestPayablesCRUD" name="test_create_paid_stays_pago_even_if_past_due" time="0.047" /><testcase classname="tests.test_iteration9_payables.TestPayablesCRUD" name="test_create_cancelled_stays_cancelado" time="0.051" /><testcase classname="tests.test_iteration6_portal.TestPortalUnauthenticated" name="test_401_without_token[/api/portal/galleries]" time="0.130" /><testcase classname="tests.test_iteration9_payables.TestPayablesCRUD" name="test_create_negative_amount_clamped" time="0.048" /><testcase classname="tests.test_iteration9_payables.TestPayablesCRUD" name="test_update_persists" time="0.147" /><testcase classname="tests.test_iteration6_portal.TestPortalUnauthenticated" name="test_401_without_token[/api/portal/contracts]" time="0.138" /><testcase classname="tests.test_iteration9_payables.TestPayablesCRUD" name="test_update_negative_amount_clamped" time="0.048" /><testcase classname="tests.test_iteration6_portal.TestPortalUnauthenticated" name="test_401_without_token[/api/portal/quotes]" time="0.147" /><testcase classname="tests.test_iteration9_payables.TestPayablesCRUD" name="test_mark_as_paid" time="0.047" /><testcase classname="tests.test_iteration9_payables.TestPayablesCRUD" name="test_mark_paid_404" time="0.052" /><testcase classname="tests.test_iteration9_payables.TestPayablesCRUD" name="test_update_404" time="0.087" /><testcase classname="tests.test_iteration6_portal.TestPortalUnauthenticated" name="test_401_without_token[/api/portal/invoices]" time="0.116" /><testcase classname="tests.test_iteration9_payables.TestPayablesCRUD" name="test_delete_payable" time="0.159" /><testcase classname="tests.test_iteration6_portal.TestPortalUnauthenticated" name="test_401_invalid_token[/api/portal/dashboard]" time="0.154" /><testcase classname="tests.backend_test.TestContracts" name="test_list_contracts_seed" time="0.089" /><testcase classname="tests.test_iteration6_portal.TestPortalUnauthenticated" name="test_401_invalid_token[/api/portal/sessions]" time="0.100" /><testcase classname="tests.backend_test.TestContracts" name="test_create_contract_from_template_body_auto" time="0.045" /><testcase classname="tests.backend_test.TestContracts" name="test_create_contract_with_custom_body" time="0.096" /><testcase classname="tests.test_iteration6_portal.TestPortalUnauthenticated" name="test_401_invalid_token[/api/portal/galleries]" time="0.097" /><testcase classname="tests.backend_test.TestContracts" name="test_get_contract_by_id" time="0.045" /><testcase classname="tests.test_iteration6_portal.TestPortalUnauthenticated" name="test_401_invalid_token[/api/portal/contracts]" time="0.158" /><testcase classname="tests.backend_test.TestContracts" name="test_get_contract_404" time="0.045" /><testcase classname="tests.backend_test.TestContracts" name="test_patch_contract_status" time="0.048" /><testcase classname="tests.backend_test.TestContracts" name="test_sign_contract_requires_signer_name" time="0.095" /><testcase classname="tests.test_iteration6_portal.TestPortalUnauthenticated" name="test_401_invalid_token[/api/portal/quotes]" time="0.140" /><testcase classname="tests.backend_test.TestContracts" name="test_sign_contract_success" time="0.145" /><testcase classname="tests.test_iteration6_portal.TestPortalUnauthenticated" name="test_401_invalid_token[/api/portal/invoices]" time="0.115" /><testcase classname="tests.backend_test.TestContracts" name="test_delete_contracts" time="0.134" /><testcase classname="tests.test_iteration8_receivables.TestReceivablesCRUD" name="test_create_receivable_pending" time="0.105" /><testcase classname="tests.backend_test.TestQuotes" name="test_list_quotes_seed" time="0.087" /><testcase classname="tests.test_iteration8_receivables.TestReceivablesCRUD" name="test_create_receivable_overdue" time="0.051" /><testcase classname="tests.test_iteration8_receivables.TestReceivablesCRUD" name="test_update_receivable_persists" time="0.116" /><testcase classname="tests.backend_test.TestQuotes" name="test_create_quote_auto_number" time="0.045" /><testcase classname="tests.backend_test.TestQuotes" name="test_get_quote_by_id" time="0.045" /><testcase classname="tests.backend_test.TestQuotes" name="test_update_quote" time="0.072" /><testcase classname="tests.test_iteration8_receivables.TestReceivablesCRUD" name="test_partial_payment_changes_status_to_parcial" time="0.056" /><testcase classname="tests.test_iteration8_receivables.TestReceivablesCRUD" name="test_partial_payment_invalid_amount_returns_400" time="0.056" /><testcase classname="tests.backend_test.TestQuotes" name="test_patch_quote_status" time="0.087" /><testcase classname="tests.test_iteration8_receivables.TestReceivablesCRUD" name="test_mark_as_paid_sets_status_pago" time="0.144" /><testcase classname="tests.backend_test.TestQuotes" name="test_get_quote_404" time="0.044" /><testcase classname="tests.backend_test.TestQuotes" name="test_delete_quote" time="0.138" /><testcase classname="tests.test_iteration8_receivables.TestReceivablesCRUD" name="test_payment_capped_at_total" time="0.054" /><testcase classname="tests.test_iteration8_receivables.TestReceivablesCRUD" name="test_delete_receivable" time="0.565" /><testcase classname="tests.test_iteration6_portal.TestPortalAuth" name="test_login_success_returns_token_and_client" time="0.271" /><testcase classname="tests.test_iteration6_portal.TestPortalAuth" name="test_login_wrong_password" time="0.265" /><testcase classname="tests.test_iteration6_portal.TestPortalAuth" name="test_login_unknown_email" time="0.043" /><testcase classname="tests.test_iteration6_portal.TestPortalAuth" name="test_me_without_token" time="0.139" /><testcase classname="tests.test_iteration6_portal.TestPortalAuth" name="test_me_with_invalid_token" time="0.116" /><testcase classname="tests.test_iteration4_galleries.TestPublicGalleryOpen" name="test_get_returns_full_gallery" time="0.293" /><testcase classname="tests.test_iteration4_galleries.TestPublicGalleryOpen" name="test_bad_token_404" time="0.047" /><testcase classname="tests.test_iteration4_galleries.TestPublicGalleryOpen" name="test_photo_action_favorite" time="0.323" /><testcase classname="tests.test_iteration6_portal.TestPortalAuth" name="test_me_with_valid_token" time="0.417" /><testcase classname="tests.test_iteration4_galleries.TestPublicGalleryOpen" name="test_photo_action_select_and_approve_reject" time="0.311" /><testcase classname="tests.test_iteration6_portal.TestPortalAuth" name="test_forgot_password_generic_success" time="0.107" /><testcase classname="tests.test_iteration6_portal.TestPortalScoping" name="test_sessions_scoped_to_client" time="0.259" /><testcase classname="tests.test_iteration4_galleries.TestPublicGalleryOpen" name="test_add_comment" time="0.148" /><testcase classname="tests.test_iteration6_portal.TestPortalScoping" name="test_galleries_scoped" time="0.215" /><testcase classname="tests.test_iteration4_galleries.TestPublicGalleryOpen" name="test_order_mock_checkout" time="0.074" /><testcase classname="tests.test_iteration6_portal.TestPortalScoping" name="test_contracts_scoped" time="0.190" /><testcase classname="tests.test_iteration4_galleries.TestGalleryPremiumSettings" name="test_patch_settings_all_fields" time="0.209" /><testcase classname="tests.test_iteration4_galleries.TestGalleryPremiumSettings" name="test_patch_settings_partial_no_wipe" time="0.048" /><testcase classname="tests.test_iteration4_galleries.TestGalleryPremiumSettings" name="test_settings_404" time="0.090" /><testcase classname="tests.test_iteration6_portal.TestPortalScoping" name="test_quotes_scoped" time="0.199" /><testcase classname="tests.test_iteration4_galleries.TestGalleryPremiumSettings" name="test_share_generates_token" time="0.106" /><testcase classname="tests.test_iteration4_galleries.TestGalleryPremiumSettings" name="test_feature_toggle" time="0.273" /><testcase classname="tests.test_iteration6_portal.TestPortalScoping" name="test_invoices_scoped" time="0.207" /><testcase classname="tests.backend_test.TestClients" name="test_list_clients" time="0.234" /><testcase classname="tests.backend_test.TestClients" name="test_create_client" time="0.050" /><testcase classname="tests.test_iteration6_portal.TestPortalScoping" name="test_ana_and_beatriz_see_different_data" time="0.894" /><testcase classname="tests.backend_test.TestClients" name="test_toggle_favorite" time="0.051" /><testcase classname="tests.backend_test.TestClients" name="test_delete_client" time="0.053" /><testcase classname="tests.test_iteration5_i18n.TestClientI18n" name="test_create_client_with_expanded_fields" time="0.053" /><testcase classname="tests.test_iteration5_i18n.TestClientI18n" name="test_get_client_returns_expanded_fields" time="0.052" /><testcase classname="tests.test_iteration5_i18n.TestClientI18n" name="test_put_client_updates_expanded_fields" time="0.108" /><testcase classname="tests.test_iteration5_i18n.TestClientI18n" name="test_cleanup_delete_client" time="0.171" /><testcase classname="tests.test_iteration9_payables.TestFinanceSummaryIntegration" name="test_payable_kpi_reflects_open_amounts" time="0.421" /><testcase classname="tests.test_iteration4_galleries.TestPublicGalleryPassword" name="test_get_returns_protected_marker" time="0.330" /><testcase classname="tests.test_iteration4_galleries.TestPublicGalleryPassword" name="test_verify_wrong_password_403" time="0.045" /><testcase classname="tests.test_iteration9_payables.TestFinanceSummaryIntegration" name="test_overdue_included_in_payable_kpi" time="0.213" /><testcase classname="tests.test_iteration4_galleries.TestPublicGalleryPassword" name="test_verify_correct_password_returns_full" time="0.051" /><testcase classname="tests.test_iteration4_galleries.TestPublicGalleryPassword" name="test_photo_action_requires_pin" time="0.264" /><testcase classname="tests.test_iteration9_payables.TestFinanceSummaryIntegration" name="test_cancelled_not_included_in_payable_kpi" time="0.367" /><testcase classname="tests.backend_test.TestHealthAndSeed" name="test_root" time="0.054" /><testcase classname="tests.backend_test.TestHealthAndSeed" name="test_seed_idempotent" time="0.095" /><testcase classname="tests.backend_test.TestHealthAndSeed" name="test_dashboard_stats_shape" time="0.054" /><testcase classname="tests.backend_test.TestAIAssistant" name="test_ai_chat_basic_portuguese" time="1.061" /><testcase classname="tests.test_iteration9_payables.TestFinanceSummaryIntegration" name="test_summary_has_expected_keys" time="0.129" /><testcase classname="tests.backend_test.TestQuoteConversions" name="test_convert_to_invoice" time="0.250" /><testcase classname="tests.backend_test.TestQuoteConversions" name="test_convert_to_contract" time="0.248" /><testcase classname="tests.backend_test.TestQuoteConversions" name="test_convert_404_when_quote_missing" time="0.098" /><testcase classname="tests.test_iteration5_i18n.TestSettings" name="test_get_settings_returns_defaults" time="0.048" /><testcase classname="tests.test_iteration5_i18n.TestSettings" name="test_put_settings_br_then_get_persisted" time="0.101" /><testcase classname="tests.test_iteration5_i18n.TestSettings" name="test_put_settings_back_to_pt" time="0.145" /><testcase classname="tests.test_iteration7_galleries.TestGalleryCreateNewFields" name="test_create_persists_all_new_fields" time="0.160" /><testcase classname="tests.backend_test.TestAIAssistant" name="test_ai_chat_unpaid_context" time="1.893" /><testcase classname="tests.test_iteration7_galleries.TestGalleryCreateNewFields" name="test_create_with_session_id" time="0.146" /><testcase classname="tests.test_iteration7_galleries.TestGalleryCreateNewFields" name="test_create_defaults" time="0.098" /><testcase classname="tests.test_iteration7_galleries.TestGalleryRegression" name="test_feature_toggle" time="0.204" /><testcase classname="tests.test_iteration7_galleries.TestGalleryRegression" name="test_share_generates_access_token" time="0.144" /><testcase classname="tests.test_iteration7_galleries.TestGalleryRegression" name="test_settings_patch" time="0.145" /><testcase classname="tests.test_iteration9_payables.TestPayablesBasics" name="test_list_payables" time="0.117" /><testcase classname="tests.test_iteration9_payables.TestPayablesBasics" name="test_list_sorted_ascending_by_due_date" time="0.053" /><testcase classname="tests.test_iteration9_payables.TestPayablesBasics" name="test_categories_endpoint" time="0.061" /><testcase classname="tests.backend_test.TestSessions" name="test_list_sessions_seed" time="0.051" /><testcase classname="tests.backend_test.TestSessions" name="test_create_and_delete_session" time="0.150" /><testcase classname="tests.test_iteration4_galleries.TestSessionGallery" name="test_create_gallery_from_session_and_idempotent" time="0.250" /><testcase classname="tests.test_iteration4_galleries.TestSessionGallery" name="test_session_gallery_404" time="0.049" /><testcase classname="tests.test_iteration6_portal.TestPortalProfile" name="test_update_profile_and_persistence" time="0.828" /><testcase classname="tests.backend_test.TestAIAssistant" name="test_ai_history_persists" time="0.044" /><testcase classname="tests.test_iteration7_galleries.TestPhotoToggle" name="test_toggle_favorite" time="0.301" /><testcase classname="tests.test_iteration7_galleries.TestPhotoToggle" name="test_toggle_selected" time="0.226" /><testcase classname="tests.test_iteration6_portal.TestPortalProfile" name="test_profile_requires_auth" time="0.146" /><testcase classname="tests.test_iteration7_galleries.TestPhotoToggle" name="test_toggle_invalid_field_400" time="0.206" /><testcase classname="tests.test_iteration6_portal.TestPasswordHashLeak" name="test_clients_list_no_password_hash" time="0.052" /><testcase classname="tests.test_iteration6_portal.TestPasswordHashLeak" name="test_client_detail_no_password_hash" time="0.096" /><testcase classname="tests.test_iteration7_galleries.TestPhotoRate" name="test_rate_sets_stars" time="0.812" /><testcase classname="tests.test_iteration7_galleries.TestPhotoComment" name="test_comment_appends" time="0.743" /><testcase classname="tests.test_iteration7_galleries.TestPhotoRate" name="test_rate_clamps_high_and_low" time="0.247" /><testcase classname="tests.test_iteration7_galleries.TestPhotoComment" name="test_comment_empty_400" time="0.295" /><testcase classname="tests.test_iteration8_receivables.TestReceivablesBasics" name="test_list_receivables" time="0.238" /><testcase classname="tests.test_iteration8_receivables.TestFinanceSummaryIntegration" name="test_receivable_kpi_reflects_open_balances" time="0.460" /><testcase classname="tests.test_iteration8_receivables.TestReceivablesBasics" name="test_list_default_sort_ascending_by_due_date" time="0.052" /><testcase classname="tests.backend_test.TestInvoices" name="test_create_invoice_totals" time="0.134" /><testcase classname="tests.test_iteration8_receivables.TestFinanceSummaryIntegration" name="test_summary_has_expected_keys" time="0.067" /><testcase classname="tests.backend_test.TestTemplates" name="test_templates_shape" time="0.058" /><testcase classname="tests.test_iteration4_galleries.TestGalleryAiSearch" name="test_ai_search_returns_list" time="5.065" /><testcase classname="tests.test_iteration6_portal.TestPortalDashboard" name="test_dashboard_shape_and_scoping" time="0.370" /><testcase classname="tests.test_iteration7_galleries" name="test_list_galleries_still_works" time="0.048" /><testcase classname="tests.test_iteration7_galleries.TestAIRegression" name="test_ai_search_empty_query_400" time="0.000"><skipped type="pytest.skip" message="AI (gpt-5.4) is slow; enable with RUN_AI_TESTS=1">/app/backend/tests/test_iteration7_galleries.py:276: AI (gpt-5.4) is slow; enable with RUN_AI_TESTS=1</skipped></testcase><testcase classname="tests.test_iteration8_receivables" name="test_zz_cleanup" time="0.204" /><testcase classname="tests.test_iteration9_payables" name="test_zz_cleanup" time="0.414" /><testcase classname="tests.test_iteration4_galleries.TestStoreProducts" name="test_products_returns_six" time="0.047" /><testcase classname="tests.test_iteration4_galleries.TestPublicGalleryExpired" name="test_expired_link_returns_410" time="0.273" /></testsuite></testsuites>