<?xml version="1.0" encoding="utf-8"?><testsuites name="pytest tests"><testsuite name="pytest" errors="0" failures="0" skipped="0" tests="33" time="4.944" timestamp="2026-07-18T19:23:23.659676+00:00" hostname="agent-env-b6632c43-eb9b-421b-8f97-406a689f8981"><testcase classname="tests.backend_test.TestContracts" name="test_list_contracts_seed" time="0.357" /><testcase classname="tests.backend_test.TestQuotes" name="test_list_quotes_seed" time="0.375" /><testcase classname="tests.backend_test.TestContracts" name="test_create_contract_from_template_body_auto" time="0.088" /><testcase classname="tests.backend_test.TestQuotes" name="test_create_quote_auto_number" time="0.056" /><testcase classname="tests.backend_test.TestQuotes" name="test_get_quote_by_id" time="0.058" /><testcase classname="tests.backend_test.TestContracts" name="test_create_contract_with_custom_body" time="0.046" /><testcase classname="tests.backend_test.TestQuotes" name="test_update_quote" time="0.098" /><testcase classname="tests.backend_test.TestContracts" name="test_get_contract_by_id" time="0.048" /><testcase classname="tests.backend_test.TestContracts" name="test_get_contract_404" time="0.046" /><testcase classname="tests.backend_test.TestQuotes" name="test_patch_quote_status" time="0.048" /><testcase classname="tests.backend_test.TestContracts" name="test_patch_contract_status" time="0.092" /><testcase classname="tests.backend_test.TestQuotes" name="test_get_quote_404" time="0.097" /><testcase classname="tests.backend_test.TestContracts" name="test_sign_contract_requires_signer_name" time="0.049" /><testcase classname="tests.backend_test.TestContracts" name="test_sign_contract_success" time="0.102" /><testcase classname="tests.backend_test.TestQuotes" name="test_delete_quote" time="0.145" /><testcase classname="tests.backend_test.TestContracts" name="test_delete_contracts" time="0.152" /><testcase classname="tests.backend_test.TestClients" name="test_list_clients" time="0.054" /><testcase classname="tests.backend_test.TestClients" name="test_create_client" time="0.050" /><testcase classname="tests.backend_test.TestClients" name="test_toggle_favorite" time="0.055" /><testcase classname="tests.backend_test.TestHealthAndSeed" name="test_root" time="0.061" /><testcase classname="tests.backend_test.TestClients" name="test_delete_client" time="0.052" /><testcase classname="tests.backend_test.TestHealthAndSeed" name="test_seed_idempotent" time="0.192" /><testcase classname="tests.backend_test.TestQuoteConversions" name="test_convert_to_invoice" time="0.246" /><testcase classname="tests.backend_test.TestHealthAndSeed" name="test_dashboard_stats_shape" time="0.053" /><testcase classname="tests.backend_test.TestAIAssistant" name="test_ai_chat_basic_portuguese" time="1.229" /><testcase classname="tests.backend_test.TestQuoteConversions" name="test_convert_to_contract" time="0.588" /><testcase classname="tests.backend_test.TestQuoteConversions" name="test_convert_404_when_quote_missing" time="0.098" /><testcase classname="tests.backend_test.TestSessions" name="test_list_sessions_seed" time="0.046" /><testcase classname="tests.backend_test.TestSessions" name="test_create_and_delete_session" time="0.139" /><testcase classname="tests.backend_test.TestInvoices" name="test_create_invoice_totals" time="0.095" /><testcase classname="tests.backend_test.TestTemplates" name="test_templates_shape" time="0.045" /><testcase classname="tests.backend_test.TestAIAssistant" name="test_ai_chat_unpaid_context" time="1.876" /><testcase classname="tests.backend_test.TestAIAssistant" name="test_ai_history_persists" time="0.053" /></testsuite></testsuites>