<?xml version="1.0" encoding="utf-8"?><testsuites name="pytest tests"><testsuite name="pytest" errors="0" failures="0" skipped="0" tests="26" time="2.657" timestamp="2026-07-18T21:15:39.177370+00:00" hostname="agent-env-b6632c43-eb9b-421b-8f97-406a689f8981"><testcase classname="tests.test_iteration10_reports.TestReportShape" name="test_report_returns_all_top_level_keys" time="0.359" /><testcase classname="tests.test_iteration10_reports.TestRegression" name="test_finance_summary_ok" time="0.359" /><testcase classname="tests.test_iteration10_reports.TestRegression" name="test_invoices_list_ok" time="0.117" /><testcase classname="tests.test_iteration10_reports.TestReportShape" name="test_totals_has_inflow_outflow_net" time="0.160" /><testcase classname="tests.test_iteration10_reports.TestRegression" name="test_receivables_list_ok" time="0.169" /><testcase classname="tests.test_iteration10_reports.TestReportShape" name="test_top_clients_max_10" time="0.134" /><testcase classname="tests.test_iteration10_reports.TestRegression" name="test_payables_list_ok" time="0.149" /><testcase classname="tests.test_iteration10_reports.TestReportShape" name="test_cashflow_items_shape" time="0.108" /><testcase classname="tests.test_iteration10_reports.TestReportShape" name="test_revenue_by_month_shape" time="0.180" /><testcase classname="tests.test_iteration10_reports.TestRegression" name="test_clients_list_ok" time="0.095" /><testcase classname="tests.test_iteration10_reports.TestRegression" name="test_galleries_list_ok" time="0.095" /><testcase classname="tests.test_iteration10_reports.TestReportShape" name="test_expenses_by_category_shape" time="0.099" /><testcase classname="tests.test_iteration10_reports.TestRegression" name="test_events_list_ok" time="0.138" /><testcase classname="tests.test_iteration10_reports.TestReportShape" name="test_receivables_and_payables_by_status_shape" time="0.145" /><testcase classname="tests.test_iteration10_reports.TestReportFilters" name="test_period_filter_reduces_or_keeps_revenue" time="0.221" /><testcase classname="tests.test_iteration10_reports.TestReportShape" name="test_filters_echoed" time="0.100" /><testcase classname="tests.test_iteration10_reports.TestReportExport" name="test_export_xlsx_returns_spreadsheet" time="0.336" /><testcase classname="tests.test_iteration10_reports.TestReportFilters" name="test_period_filter_excludes_outside_data" time="0.272" /><testcase classname="tests.test_iteration10_reports.TestReportFilters" name="test_status_filter_restricts_receivables_and_payables" time="0.108" /><testcase classname="tests.test_iteration10_reports.TestReportExport" name="test_export_pdf_returns_pdf" time="0.164" /><testcase classname="tests.test_iteration10_reports.TestReportFilters" name="test_status_filter_pendente" time="0.101" /><testcase classname="tests.test_iteration10_reports.TestReportExport" name="test_export_accepts_all_filters" time="0.118" /><testcase classname="tests.test_iteration10_reports.TestReportFilters" name="test_category_filter_restricts_expenses_and_payables" time="0.152" /><testcase classname="tests.test_iteration10_reports.TestReportExport" name="test_export_pdf_accepts_filters" time="0.107" /><testcase classname="tests.test_iteration10_reports.TestReportFilters" name="test_category_filter_nonexistent_yields_empty_expenses" time="0.134" /><testcase classname="tests.test_iteration10_reports.TestReportExport" name="test_export_xlsx_is_openable" time="0.298" /></testsuite></testsuites>