<?xml version="1.0" encoding="utf-8"?><testsuites name="pytest tests"><testsuite name="pytest" errors="0" failures="0" skipped="0" tests="26" time="6.096" timestamp="2026-07-18T17:57:48.736797+00:00" hostname="agent-env-b6632c43-eb9b-421b-8f97-406a689f8981"><testcase classname="tests.backend_test.TestClients" name="test_list_clients" time="0.306" /><testcase classname="tests.backend_test.TestGalleries" name="test_create_gallery" time="0.326" /><testcase classname="tests.backend_test.TestClients" name="test_create_and_get_client" time="0.090" /><testcase classname="tests.backend_test.TestGalleries" name="test_add_photo" time="0.100" /><testcase classname="tests.backend_test.TestClients" name="test_update_client" time="0.048" /><testcase classname="tests.backend_test.TestGalleries" name="test_get_gallery" time="0.107" /><testcase classname="tests.backend_test.TestClients" name="test_delete_client" time="0.088" /><testcase classname="tests.backend_test.TestProjects" name="test_create_project" time="0.056" /><testcase classname="tests.backend_test.TestGalleries" name="test_get_gallery_404" time="0.088" /><testcase classname="tests.backend_test.TestProjects" name="test_list_projects" time="0.050" /><testcase classname="tests.backend_test.TestGalleries" name="test_delete_photo" time="0.067" /><testcase classname="tests.backend_test.TestProjects" name="test_update_project" time="0.053" /><testcase classname="tests.backend_test.TestGalleries" name="test_delete_gallery" time="0.091" /><testcase classname="tests.backend_test.TestProjects" name="test_delete_project" time="0.076" /><testcase classname="tests.backend_test.TestHealthAndSeed" name="test_root" time="0.055" /><testcase classname="tests.backend_test.TestInvoices" name="test_create_invoice_totals" time="0.095" /><testcase classname="tests.backend_test.TestHealthAndSeed" name="test_seed_idempotent" time="0.185" /><testcase classname="tests.backend_test.TestInvoices" name="test_list_invoices" time="0.095" /><testcase classname="tests.backend_test.TestInvoices" name="test_update_status" time="0.053" /><testcase classname="tests.backend_test.TestHealthAndSeed" name="test_dashboard_stats_shape" time="0.057" /><testcase classname="tests.backend_test.TestInvoices" name="test_delete_invoice" time="0.100" /><testcase classname="tests.backend_test.TestEvents" name="test_create_event" time="0.050" /><testcase classname="tests.backend_test.TestEvents" name="test_list_events" time="0.044" /><testcase classname="tests.backend_test.TestAISelect" name="test_ai_select_on_seeded_gallery" time="4.258" /><testcase classname="tests.backend_test.TestEvents" name="test_delete_event" time="0.049" /><testcase classname="tests.backend_test.TestAISelect" name="test_ai_select_empty_gallery_returns_400" time="0.205" /></testsuite></testsuites>